app/build/intermediates/manifest_merge_blame_file/debug/manifest-merger-blame-debug-report.txt
1<?xml version="1.0" encoding="utf-8"?>
2<manifest xmlns:android="http://schemas.android.com/apk/res/android"
3    package="com.google.mlkit.vision.demo"
4    android:installLocation="auto"
5    android:versionCode="11"
6    android:versionName="1.11" >
7    <!--
8 CameraX libraries require minSdkVersion 21, while this quickstart app
9    supports low to 16. Needs to use overrideLibrary to make the merger tool
10    ignore this conflict and import the libraries while keeping the app's lower
11    minSdkVersion value. In code, will check SDK version, before calling CameraX
12    APIs.
13    -->
14    <uses-sdk
14-->src/main/AndroidManifest.xml:12:5-15:63
15        android:minSdkVersion="16"
15-->src/main/AndroidManifest.xml:12:5-15:63
16        android:targetSdkVersion="30" />
16-->src/main/AndroidManifest.xml:12:5-15:63
17
18    <uses-feature android:name="android.hardware.camera" />
18-->src/main/AndroidManifest.xml:17:5-59
18-->src/main/AndroidManifest.xml:17:19-57
19
20    <uses-permission android:name="android.permission.INTERNET" />
20-->src/main/AndroidManifest.xml:19:5-66
20-->src/main/AndroidManifest.xml:19:22-64
21    <uses-permission android:name="android.permission.WRITE_EXTERNAL_STORAGE" />
21-->src/main/AndroidManifest.xml:20:5-80
21-->src/main/AndroidManifest.xml:20:22-78
22    <uses-permission android:name="android.permission.READ_EXTERNAL_STORAGE" />
22-->src/main/AndroidManifest.xml:21:5-79
22-->src/main/AndroidManifest.xml:21:22-77
23    <uses-permission android:name="android.permission.CAMERA" />
23-->src/main/AndroidManifest.xml:22:5-64
23-->src/main/AndroidManifest.xml:22:22-62
24
25    <queries>
25-->src/main/AndroidManifest.xml:55:5-59:15
26        <intent>
26-->src/main/AndroidManifest.xml:56:9-58:18
27            <action android:name="android.media.action.IMAGE_CAPTURE" />
27-->src/main/AndroidManifest.xml:57:13-73
27-->src/main/AndroidManifest.xml:57:21-70
28        </intent>
29    </queries>
30
31    <!-- Although the *SdkVersion is captured in gradle build files, this is required for non gradle builds -->
32    <!-- <uses-sdk android:minSdkVersion="14"/> -->
33    <uses-permission android:name="android.permission.ACCESS_NETWORK_STATE" />
33-->[com.google.android.datatransport:transport-backend-cct:2.3.3] AndroidManifest.xml:25:5-79
33-->[com.google.android.datatransport:transport-backend-cct:2.3.3] AndroidManifest.xml:25:22-76
34
35    <application
35-->src/main/AndroidManifest.xml:24:5-54:19
36        android:name="androidx.multidex.MultiDexApplication"
36-->src/main/AndroidManifest.xml:25:9-61
37        android:appComponentFactory="androidx.core.app.CoreComponentFactory"
37-->[androidx.core:core:1.3.1] AndroidManifest.xml:24:18-86
38        android:debuggable="true"
39        android:icon="@drawable/logo_mlkit"
39-->src/main/AndroidManifest.xml:26:9-44
40        android:label="EMMA ROM Android"
40-->src/main/AndroidManifest.xml:27:9-41
41        android:testOnly="true"
42        android:theme="@style/Theme.AppCompat" >
42-->src/main/AndroidManifest.xml:28:9-47
43        <meta-data
43-->src/main/AndroidManifest.xml:30:9-32:68
44            android:name="com.google.android.gms.version"
44-->src/main/AndroidManifest.xml:31:13-58
45            android:value="@integer/google_play_services_version" />
45-->src/main/AndroidManifest.xml:32:13-66
46
47        <!--
48          Optional: Add it to automatically download ML model to device after
49          your app is installed.
50        -->
51        <meta-data
51-->src/main/AndroidManifest.xml:36:9-38:62
52            android:name="com.google.mlkit.vision.DEPENDENCIES"
52-->src/main/AndroidManifest.xml:37:13-64
53            android:value="barcode,face,ocr,ica,custom_ica" />
53-->src/main/AndroidManifest.xml:38:13-60
54
55        <activity
55-->src/main/AndroidManifest.xml:40:9-48:20
56            android:name="com.google.mlkit.vision.demo.kotlin.CameraXLivePreviewActivity"
56-->src/main/AndroidManifest.xml:41:13-62
57            android:exported="true"
57-->src/main/AndroidManifest.xml:42:13-36
58            android:theme="@style/AppTheme" >
58-->src/main/AndroidManifest.xml:43:13-44
59            <intent-filter>
59-->src/main/AndroidManifest.xml:44:13-47:29
60                <action android:name="android.intent.action.MAIN" />
60-->src/main/AndroidManifest.xml:45:17-68
60-->src/main/AndroidManifest.xml:45:25-66
61
62                <category android:name="android.intent.category.LAUNCHER" />
62-->src/main/AndroidManifest.xml:46:17-76
62-->src/main/AndroidManifest.xml:46:27-74
63            </intent-filter>
64        </activity>
65        <activity
65-->src/main/AndroidManifest.xml:50:9-52:39
66            android:name="com.google.mlkit.vision.demo.preference.SettingsActivity"
66-->src/main/AndroidManifest.xml:51:13-56
67            android:exported="false" />
67-->src/main/AndroidManifest.xml:52:13-37
68
69        <service
69-->[com.google.mlkit:object-detection:16.2.7] AndroidManifest.xml:8:9-14:19
70            android:name="com.google.mlkit.common.internal.MlKitComponentDiscoveryService"
70-->[com.google.mlkit:object-detection:16.2.7] AndroidManifest.xml:9:13-91
71            android:directBootAware="true"
71-->[com.google.mlkit:common:17.4.0] AndroidManifest.xml:17:13-43
72            android:exported="false" >
72-->[com.google.mlkit:object-detection:16.2.7] AndroidManifest.xml:10:13-37
73            <meta-data
73-->[com.google.mlkit:object-detection:16.2.7] AndroidManifest.xml:11:13-13:85
74                android:name="com.google.firebase.components:com.google.mlkit.vision.objects.defaults.internal.DefaultObjectsRegistrar"
74-->[com.google.mlkit:object-detection:16.2.7] AndroidManifest.xml:12:17-136
75                android:value="com.google.firebase.components.ComponentRegistrar" />
75-->[com.google.mlkit:object-detection:16.2.7] AndroidManifest.xml:13:17-82
76            <meta-data
76-->[com.google.mlkit:object-detection-custom:16.3.3] AndroidManifest.xml:11:13-13:85
77                android:name="com.google.firebase.components:com.google.mlkit.vision.objects.custom.internal.CustomObjectsRegistrar"
77-->[com.google.mlkit:object-detection-custom:16.3.3] AndroidManifest.xml:12:17-133
78                android:value="com.google.firebase.components.ComponentRegistrar" />
78-->[com.google.mlkit:object-detection-custom:16.3.3] AndroidManifest.xml:13:17-82
79            <meta-data
79-->[com.google.mlkit:image-labeling:17.0.5] AndroidManifest.xml:11:13-13:85
80                android:name="com.google.firebase.components:com.google.mlkit.vision.label.defaults.internal.BundledLabelRegistrar"
80-->[com.google.mlkit:image-labeling:17.0.5] AndroidManifest.xml:12:17-132
81                android:value="com.google.firebase.components.ComponentRegistrar" />
81-->[com.google.mlkit:image-labeling:17.0.5] AndroidManifest.xml:13:17-82
82            <meta-data
82-->[com.google.mlkit:image-labeling-custom:16.3.1] AndroidManifest.xml:11:13-13:85
83                android:name="com.google.firebase.components:com.google.mlkit.vision.label.custom.internal.CustomLabelRegistrar"
83-->[com.google.mlkit:image-labeling-custom:16.3.1] AndroidManifest.xml:12:17-129
84                android:value="com.google.firebase.components.ComponentRegistrar" />
84-->[com.google.mlkit:image-labeling-custom:16.3.1] AndroidManifest.xml:13:17-82
85            <meta-data
85-->[com.google.mlkit:segmentation-selfie:16.0.0-beta2] AndroidManifest.xml:12:13-14:85
86                android:name="com.google.firebase.components:com.google.mlkit.vision.segmentation.internal.SegmentationRegistrar"
86-->[com.google.mlkit:segmentation-selfie:16.0.0-beta2] AndroidManifest.xml:13:17-130
87                android:value="com.google.firebase.components.ComponentRegistrar" />
87-->[com.google.mlkit:segmentation-selfie:16.0.0-beta2] AndroidManifest.xml:14:17-82
88            <meta-data
88-->[com.google.android.gms:play-services-mlkit-barcode-scanning:16.2.1] AndroidManifest.xml:12:13-14:85
89                android:name="com.google.firebase.components:com.google.mlkit.vision.barcode.internal.BarcodeRegistrar"
89-->[com.google.android.gms:play-services-mlkit-barcode-scanning:16.2.1] AndroidManifest.xml:13:17-120
90                android:value="com.google.firebase.components.ComponentRegistrar" />
90-->[com.google.android.gms:play-services-mlkit-barcode-scanning:16.2.1] AndroidManifest.xml:14:17-82
91            <meta-data
91-->[com.google.mlkit:vision-internal-vkp:18.2.0] AndroidManifest.xml:11:13-13:85
92                android:name="com.google.firebase.components:com.google.mlkit.vision.vkp.VkpRegistrar"
92-->[com.google.mlkit:vision-internal-vkp:18.2.0] AndroidManifest.xml:12:17-103
93                android:value="com.google.firebase.components.ComponentRegistrar" />
93-->[com.google.mlkit:vision-internal-vkp:18.2.0] AndroidManifest.xml:13:17-82
94            <meta-data
94-->[com.google.android.gms:play-services-mlkit-face-detection:16.2.0] AndroidManifest.xml:12:13-14:85
95                android:name="com.google.firebase.components:com.google.mlkit.vision.face.internal.FaceRegistrar"
95-->[com.google.android.gms:play-services-mlkit-face-detection:16.2.0] AndroidManifest.xml:13:17-114
96                android:value="com.google.firebase.components.ComponentRegistrar" />
96-->[com.google.android.gms:play-services-mlkit-face-detection:16.2.0] AndroidManifest.xml:14:17-82
97            <meta-data
97-->[com.google.android.gms:play-services-mlkit-text-recognition-common:16.0.0] AndroidManifest.xml:12:13-14:85
98                android:name="com.google.firebase.components:com.google.mlkit.vision.text.internal.TextRegistrar"
98-->[com.google.android.gms:play-services-mlkit-text-recognition-common:16.0.0] AndroidManifest.xml:13:17-114
99                android:value="com.google.firebase.components.ComponentRegistrar" />
99-->[com.google.android.gms:play-services-mlkit-text-recognition-common:16.0.0] AndroidManifest.xml:14:17-82
100            <meta-data
100-->[com.google.mlkit:pose-detection-common:17.1.0-beta5] AndroidManifest.xml:11:13-13:85
101                android:name="com.google.firebase.components:com.google.mlkit.vision.pose.internal.PoseRegistrar"
101-->[com.google.mlkit:pose-detection-common:17.1.0-beta5] AndroidManifest.xml:12:17-114
102                android:value="com.google.firebase.components.ComponentRegistrar" />
102-->[com.google.mlkit:pose-detection-common:17.1.0-beta5] AndroidManifest.xml:13:17-82
103            <meta-data
103-->[com.google.mlkit:vision-common:16.6.0] AndroidManifest.xml:12:13-14:85
104                android:name="com.google.firebase.components:com.google.mlkit.vision.common.internal.VisionCommonRegistrar"
104-->[com.google.mlkit:vision-common:16.6.0] AndroidManifest.xml:13:17-124
105                android:value="com.google.firebase.components.ComponentRegistrar" />
105-->[com.google.mlkit:vision-common:16.6.0] AndroidManifest.xml:14:17-82
106            <meta-data
106-->[com.google.mlkit:common:17.4.0] AndroidManifest.xml:20:13-22:85
107                android:name="com.google.firebase.components:com.google.mlkit.common.internal.CommonComponentRegistrar"
107-->[com.google.mlkit:common:17.4.0] AndroidManifest.xml:21:17-120
108                android:value="com.google.firebase.components.ComponentRegistrar" />
108-->[com.google.mlkit:common:17.4.0] AndroidManifest.xml:22:17-82
109        </service>
110
111        <provider
111-->[com.google.mlkit:common:17.4.0] AndroidManifest.xml:9:9-13:38
112            android:name="com.google.mlkit.common.internal.MlKitInitProvider"
112-->[com.google.mlkit:common:17.4.0] AndroidManifest.xml:10:13-78
113            android:authorities="com.google.mlkit.vision.demo.mlkitinitprovider"
113-->[com.google.mlkit:common:17.4.0] AndroidManifest.xml:11:13-69
114            android:exported="false"
114-->[com.google.mlkit:common:17.4.0] AndroidManifest.xml:12:13-37
115            android:initOrder="99" />
115-->[com.google.mlkit:common:17.4.0] AndroidManifest.xml:13:13-35
116
117        <activity
117-->[com.google.android.gms:play-services-base:17.6.0] AndroidManifest.xml:23:9-26:75
118            android:name="com.google.android.gms.common.api.GoogleApiActivity"
118-->[com.google.android.gms:play-services-base:17.6.0] AndroidManifest.xml:24:13-79
119            android:exported="false"
119-->[com.google.android.gms:play-services-base:17.6.0] AndroidManifest.xml:25:13-37
120            android:theme="@android:style/Theme.Translucent.NoTitleBar" />
120-->[com.google.android.gms:play-services-base:17.6.0] AndroidManifest.xml:26:13-72
121
122        <service
122-->[com.google.android.datatransport:transport-backend-cct:2.3.3] AndroidManifest.xml:29:9-35:19
123            android:name="com.google.android.datatransport.runtime.backends.TransportBackendDiscovery"
123-->[com.google.android.datatransport:transport-backend-cct:2.3.3] AndroidManifest.xml:30:13-103
124            android:exported="false" >
124-->[com.google.android.datatransport:transport-backend-cct:2.3.3] AndroidManifest.xml:31:13-37
125            <meta-data
125-->[com.google.android.datatransport:transport-backend-cct:2.3.3] AndroidManifest.xml:32:13-34:39
126                android:name="backend:com.google.android.datatransport.cct.CctBackendFactory"
126-->[com.google.android.datatransport:transport-backend-cct:2.3.3] AndroidManifest.xml:33:17-94
127                android:value="cct" />
127-->[com.google.android.datatransport:transport-backend-cct:2.3.3] AndroidManifest.xml:34:17-36
128        </service>
129        <service
129-->[com.google.android.datatransport:transport-runtime:2.2.6] AndroidManifest.xml:26:9-30:19
130            android:name="com.google.android.datatransport.runtime.scheduling.jobscheduling.JobInfoSchedulerService"
130-->[com.google.android.datatransport:transport-runtime:2.2.6] AndroidManifest.xml:27:13-117
131            android:exported="false"
131-->[com.google.android.datatransport:transport-runtime:2.2.6] AndroidManifest.xml:28:13-37
132            android:permission="android.permission.BIND_JOB_SERVICE" >
132-->[com.google.android.datatransport:transport-runtime:2.2.6] AndroidManifest.xml:29:13-69
133        </service>
134
135        <receiver
135-->[com.google.android.datatransport:transport-runtime:2.2.6] AndroidManifest.xml:32:9-34:40
136            android:name="com.google.android.datatransport.runtime.scheduling.jobscheduling.AlarmManagerSchedulerBroadcastReceiver"
136-->[com.google.android.datatransport:transport-runtime:2.2.6] AndroidManifest.xml:33:13-132
137            android:exported="false" />
137-->[com.google.android.datatransport:transport-runtime:2.2.6] AndroidManifest.xml:34:13-37
138
139        <provider
139-->[androidx.lifecycle:lifecycle-process:2.1.0] AndroidManifest.xml:23:9-27:43
140            android:name="androidx.lifecycle.ProcessLifecycleOwnerInitializer"
140-->[androidx.lifecycle:lifecycle-process:2.1.0] AndroidManifest.xml:24:13-79
141            android:authorities="com.google.mlkit.vision.demo.lifecycle-process"
141-->[androidx.lifecycle:lifecycle-process:2.1.0] AndroidManifest.xml:25:13-69
142            android:exported="false"
142-->[androidx.lifecycle:lifecycle-process:2.1.0] AndroidManifest.xml:26:13-37
143            android:multiprocess="true" />
143-->[androidx.lifecycle:lifecycle-process:2.1.0] AndroidManifest.xml:27:13-40
144    </application>
145
146</manifest>